<?xml version="1.0" encoding="UTF-8"?>
<!-- Generated by org.testng.reporters.JUnitReportReporter -->
<testsuite hostname="Suraj_Pagare" failures="0" tests="1" name="demo.Test2" time="0.002" errors="0" timestamp="2023-01-09T15:48:43 IST" skipped="0">
  <testcase classname="demo.Test2" name="m2" time="0.002"/>
  <system-out>
    <![CDATA[Hii]]>
  </system-out>
</testsuite> <!-- demo.Test2 -->
